loading data...full_repo_name_to_index.size() = 120827
user inferring: valid 56521 inferred 35873 multiple 283 average 2.06714
inferring from IDs
found 21503/120867=17.79%, gap max 74 avg 5.74
max_count = 604
 done.
running SVD
SOLVING THE [A^TA] EIGENPROBLEM
NO. OF ROWS               = 120867
NO. OF COLUMNS            =  56519
NO. OF NON-ZERO VALUES    = 440237
MATRIX DENSITY            =   0.01%
MAX. NO. OF LANCZOS STEPS =  56519
MAX. NO. OF EIGENPAIRS    =     50
LEFT  END OF THE INTERVAL = -1.00E-30
RIGHT END OF THE INTERVAL =  1.00E-30
KAPPA                     =  1.00E-06

NUMBER OF LANCZOS STEPS   =    185
RITZ VALUES STABILIZED    =     55
SINGULAR VALUES FOUND     =     50
SVD elapsed: elapsed: [12.78s cpu, 30307.8574 mticks, 13.40s wall]
done repos
doing keywords
86583 vocab entries
num_gt_two = 30236
done keywords
name = ranker config.prefix() = ranker config_.prefix() = 
name = phase1 config.prefix() = ranker.phase1 config_.prefix() = ranker
classifier_ranker of type 17Classifier_Ranker load_data = 1
Buffer Input init
first char = 1
classifier_ranker of type 19Classifier_Reranker load_data = 1
Buffer Input init
first char = 1
processing 4788 users...

0%   10   20   30   40   50   60   70   80   90   100%
|----|----|----|----|----|----|----|----|----|----|
***************************************************
elapsed: elapsed: [177.68s cpu, 461051.7167 mticks, 205.14s wall]
done

calculating test result... done.
fake test results: 
     total:      real:    0/4788 =   0.00%  poss:    0/4788 =   0.00%  avg num: 922.9
non-zero scores: 
     total:      real:    0/4788 =   0.00%  poss:    0/4788 =   0.00%  avg num:  44.8

dumping results...done.
198.60user 1.28system 3:49.88elapsed 86%CPU (0avgtext+0avgdata 0maxresident)k
0inputs+512outputs (0major+142449minor)pagefaults 0swaps
